cd: ton: No such file or directory
mkdir: missing operand
cmsc
cmsc
movies
sp
mkdir: cannot create directory 'sp': File exists
cmsc
movies
sp
cmsc
movies
sp
cd: cmsc11: No such file or directory
cmsc11
cmsc142
cmsc11
cmsc142
romcom
cd: ../../movies/horror: No such file or directory
cd: /root/movies/horror: No such file or directory
cmsc
movies
sp
cp: missing file operand
cmsc
comsci1
movies
sp
cmsc
comsci1
comsci2
move1
movie1
movies
movies1
movies2
sp
cmsc
comsci1
comsci2
movies
movies1
movies2
sp
cmsc
comsci1
comsci2
movies
movies1
movies2
sp
cmsc
comsci1
comsci2
move1
movie1
movies
movies1
movies2
sp
comsci1
move1
movie1
movies1
cmsc
comsci1
comsci2
move1
movie1
movies
movies1
movies2
sp
movies
movies1
movies2
move1
move1
movie1
movies
movies1
movies2
cmsc11
cmsc142
1
12
hello.cpp
123
4
hello.cpp
one.cpp
two.cpp
cmsc11
cmsc142
one.cpp
cmsc11
cmsc142
newone.cpp
cmsc
comsci1
comsci2
move1
movie1
movies
movies1
movies2
sp
comsci
comsci1
comsci2
move1
movie1
movies
movies1
movies2
sp
cmsc
cd: cmsc: No such file or directory
